
 ==============================
 S N O P T  7.5-1.4  (Dec 2015)
 ==============================
 
 SNMEMB EXIT 100 -- finished successfully
 SNMEMB INFO 104 -- memory requirements estimated

 ==============================
 S N O P T  7.5-1.4  (Dec 2015)
 ==============================
 
 

 Nonlinear constraints    1319     Linear constraints       3
 Nonlinear variables      2163     Linear variables         0
 Jacobian  variables      2163     Objective variables   2163
 Total constraints        1322     Total variables       2163
 

 
 The user has defined   22994   out of   22994   constraint gradients.
 The user has defined    2163   out of    2163   objective  gradients.
 

        Minor NumInf  FP mult  FP step   rgNorm         SumInf     nS
          100     29 -1.1E+06  1.6E-17           8.7959756E+01
          200     29 -2.8E+06  6.1E-16           8.7959756E+01
          300     16  4.1E+08  1.2E-12           8.7421142E+01
          400     16  4.1E+08  2.2E-10           8.5101202E+01
          500     15  2.2E+08  2.9E-07           1.8965561E+01
          600     14  2.3E+05  2.9E-11           1.6830103E+01
          700     14  2.3E+05  2.9E-11           1.6829469E+01
          800     14 -8.2E+06  1.5E-11           1.5909570E+01
          900      1  1.8E+00  2.9E-11           5.3868711E-03

        Minor NonOpt  QP mult  QP step   rgNorm   QP objective     nS
         1000    173 -1.2E-01  1.0E+00  3.9E-12 -6.4734652E-01      6
         1100    106           1.0E+00  1.7E-12 -6.5759318E-01     31
         1200     92           1.0E+00  4.5E-12 -6.5833174E-01     51
         1300     70           1.0E+00  1.6E-12 -6.5852950E-01     71
         1400     52           1.0E+00  1.7E-10 -6.5859460E-01     86

 Major Minors     Step   nCon Feasible  Optimal  MeritFunction     nS Penalty
     0   1489               1  5.9E+01  2.5E-02 -6.6625221E-01     99           r  T

        Minor NonOpt  QP mult  QP step   rgNorm   QP objective     nS
          100     25           1.0E+00  1.1E-11 -6.6345641E-01     68
          200      2           1.0E+00  5.5E-11 -6.6345644E-01     93

 Major Minors     Step   nCon Feasible  Optimal  MeritFunction     nS Penalty
     1    208  1.0E+00      2  1.0E-01  3.7E-04 -6.6339532E-01     95 3.8E-07   r
     2     30  1.0E+00      3  1.3E-01  4.7E-05 -6.6347790E-01     70 3.8E-07 s
     3      7  1.0E+00      4  1.5E-01  1.1E-04 -6.6349252E-01     67 3.8E-07
     4      8  1.0E+00      5  3.9E-02  4.3E-05 -6.6349588E-01     63 3.8E-07
     5      8  5.2E-01      7  2.2E-02  2.2E-05 -6.6349660E-01     64 3.8E-07
     6      6  1.0E+00      8  2.4E-02  2.8E-05 -6.6349710E-01     62 3.8E-07
     7      4  1.0E+00      9  3.7E-02  1.6E-05 -6.6349751E-01     60 3.8E-07
     8      7  1.0E+00     10  3.6E-02  3.0E-05 -6.6349773E-01     57 3.8E-07
     9      8  1.0E+00     11  7.5E-03  1.2E-05 -6.6349794E-01     58 3.8E-07

 Major Minors     Step   nCon Feasible  Optimal  MeritFunction     nS Penalty
    10      6  1.0E+00     12  3.8E-02  1.1E-05 -6.6349806E-01     56 3.8E-07
    11      4  1.0E+00     13  3.9E-02  4.0E-05 -6.6349822E-01     56 3.8E-07
    12      4  1.0E+00     14  8.8E-03  1.2E-05 -6.6349830E-01     56 3.8E-07   R
    13      4  1.0E+00     15  5.2E-04  6.8E-06 -6.6349834E-01     56 3.8E-07 s
    14      4  1.0E+00     16  2.1E-04  6.9E-06 -6.6349838E-01     56 3.8E-07
    15      6  1.0E+00     17  1.4E-03  3.3E-05 -6.6349843E-01     57 3.8E-07
    16      3  1.0E+00     18  2.1E-02  9.5E-05 -6.6349859E-01     55 3.8E-07
    17      9  1.0E+00     19  3.0E-03  6.4E-05 -6.6349869E-01     54 3.8E-07
    18      5  1.0E+00     20  3.0E-02  4.5E-06 -6.6349896E-01     53 3.8E-07
    19      2  1.0E+00     21  1.0E-03  1.0E-05 -6.6349897E-01     52 3.8E-07

 Major Minors     Step   nCon Feasible  Optimal  MeritFunction     nS Penalty
    20      4  1.0E+00     22  3.2E-03  1.2E-05 -6.6349900E-01     52 3.8E-07
    21      4  1.0E+00     23  4.1E-05  3.2E-05 -6.6349900E-01     52 3.8E-07
    22      3  1.0E+00     24  4.4E-04  2.6E-05 -6.6349902E-01     52 3.8E-07
    23      4  1.0E+00     25  5.5E-04  7.1E-06 -6.6349903E-01     52 3.8E-07   R
    24      4  1.0E+00     26  3.6E-05  6.6E-06 -6.6349903E-01     52 3.8E-07 s
    25      3  1.0E+00     27  2.4E-05  2.4E-05 -6.6349904E-01     51 3.8E-07
    26      1  1.0E+00     28  8.9E-04  3.7E-06 -6.6349905E-01     51 3.8E-07
    27      5  1.0E+00     29  3.4E-04  3.0E-04 -6.6349905E-01     50 3.8E-07
    28      1  1.0E+00     30  7.6E-02  2.4E-05 -6.6349911E-01     50 3.8E-07
    29      4  1.0E+00     31  1.9E-05  8.8E-06 -6.6349912E-01     50 3.8E-07

 Major Minors     Step   nCon Feasible  Optimal  MeritFunction     nS Penalty
    30      2  1.0E+00     32  3.7E-05 (8.2E-07)-6.6349912E-01     50 3.8E-07
    31      2  1.0E+00     33 (4.5E-07)(6.7E-07)-6.6349912E-01     50 3.8E-07
 
 SNOPTC EXIT   0 -- finished successfully
 SNOPTC INFO   1 -- optimality conditions satisfied

 Problem name                 O
 No. of iterations                1859   Objective           -6.6349911926E-01
 No. of major iterations            31   Linear    obj. term  0.0000000000E+00
 Penalty parameter           3.848E-07   Nonlinear obj. term -6.6349911926E-01
 User function calls (total)        34
 No. of superbasics                 50   No. of basic nonlinears          1322
 No. of degenerate steps           672   Percentage                      36.15
 Max x                       1 3.8E+00   Max pi                    240 5.4E-01
 Max Primal infeas           0 0.0E+00   Max Dual infeas            28 1.4E-06
 Nonlinear constraint violn    1.7E-06
 
 

 Solution printed on file  18
 
 Time for MPS input                             0.00 seconds
 Time for solving problem                       5.92 seconds
 Time for solution output                       0.02 seconds
 Time for constraint functions                  5.39 seconds
 Time for objective function                    0.00 seconds
